<?xml version="1.0" encoding="UTF-8"?>
<!-- Generated by org.testng.reporters.JUnitReportReporter -->
<testsuite skipped="0" hostname="Saeeds-MBP.local.tld" name="scripts.TechGlobalFrontendTestingHomeTest" tests="2" failures="0" timestamp="2023-01-15T15:50:35 CST" time="12.288" errors="0">
  <testcase name="validateFrontendTestingCards" time="8.147" classname="scripts.TechGlobalFrontendTestingHomeTest"/>
  <system-out/>
  <testcase name="validateFrontendTestingURL" time="4.141" classname="scripts.TechGlobalFrontendTestingHomeTest"/>
  <system-out/>
</testsuite> <!-- scripts.TechGlobalFrontendTestingHomeTest -->
