<?xml version="1.0" encoding="UTF-8"?>
<!-- Generated by org.testng.reporters.JUnitReportReporter -->
<testsuite skipped="0" hostname="Saeeds-MBP.local.tld" name="scripts.TechGlobalRadioButtonsTest" tests="2" failures="0" timestamp="2023-01-21T15:46:18 CST" time="9.023" errors="0">
  <testcase name="languageRadioButtons" time="4.517" classname="scripts.TechGlobalRadioButtonsTest"/>
  <system-out/>
  <testcase name="toolsRadioButtons" time="4.506" classname="scripts.TechGlobalRadioButtonsTest"/>
  <system-out/>
</testsuite> <!-- scripts.TechGlobalRadioButtonsTest -->
