<?xml version="1.0" encoding="UTF-8"?>
<!-- Generated by org.testng.reporters.JUnitReportReporter -->
<testsuite skipped="0" hostname="Saeeds-MBP.local.tld" name="scripts.TechGlobalWaitsTest" tests="2" failures="0" timestamp="2023-01-21T15:46:18 CST" time="57.996" errors="0">
  <testcase name="validateRedBox" time="17.224" classname="scripts.TechGlobalWaitsTest"/>
  <system-out/>
  <testcase name="validateBlueBox" time="40.772" classname="scripts.TechGlobalWaitsTest"/>
  <system-out/>
</testsuite> <!-- scripts.TechGlobalWaitsTest -->
