<?xml version="1.0" encoding="UTF-8"?>
<!-- Generated by org.testng.reporters.JUnitReportReporter -->
<testsuite skipped="0" hostname="Saeeds-MBP.local.tld" name="scripts.TechGlobalHeaderTest" tests="1" failures="0" timestamp="2023-01-21T15:46:18 CST" time="3.634" errors="0">
  <testcase name="validateTechGlobalHeaderDropdownOptions" time="3.634" classname="scripts.TechGlobalHeaderTest"/>
  <system-out/>
</testsuite> <!-- scripts.TechGlobalHeaderTest -->
