<?xml version="1.0" encoding="UTF-8"?>
<!-- Generated by org.testng.reporters.JUnitReportReporter -->
<testsuite skipped="0" hostname="Saeeds-MBP.local.tld" name="scripts.TechGlobalCheckBoxTest" tests="2" failures="0" timestamp="2023-01-21T15:46:18 CST" time="15.304" errors="0">
  <testcase name="validateCheckBoxes" time="8.749" classname="scripts.TechGlobalCheckBoxTest"/>
  <system-out/>
  <testcase name="validateCheckBoxes2" time="6.555" classname="scripts.TechGlobalCheckBoxTest"/>
  <system-out/>
</testsuite> <!-- scripts.TechGlobalCheckBoxTest -->
