<?xml version="1.0" encoding="UTF-8"?>
<!-- Generated by org.testng.reporters.JUnitReportReporter -->
<testsuite skipped="0" hostname="Saeeds-MBP.local.tld" name="scripts.TechGlobalLogoTest" tests="1" failures="0" timestamp="2023-01-21T15:07:41 CST" time="4.160" errors="0">
  <testcase name="validateTechGlobalLogo" time="4.160" classname="scripts.TechGlobalLogoTest"/>
  <system-out/>
</testsuite> <!-- scripts.TechGlobalLogoTest -->
