<?xml version="1.0" encoding="UTF-8"?>
<!-- Generated by org.testng.reporters.JUnitReportReporter -->
<testsuite skipped="0" hostname="Saeeds-MBP.local.tld" name="scripts.TechGlobalDynamicElementsTest" tests="1" failures="0" timestamp="2023-01-21T15:46:18 CST" time="4.223" errors="0">
  <testcase name="dynamicElementsTest" time="4.223" classname="scripts.TechGlobalDynamicElementsTest"/>
  <system-out/>
</testsuite> <!-- scripts.TechGlobalDynamicElementsTest -->
